<?xml version="1.0" encoding="UTF-8"?>
<!-- Generated by org.testng.reporters.JUnitReportReporter -->
<testsuite hostname="DESKTOP-V827NF1" failures="0" tests="2" name="TestNgPractice.TestNgPractice.TestNG2" time="0.003" errors="0" timestamp="28 Apr 2019 05:34:02 GMT" skipped="0">
  <testcase classname="TestNgPractice.TestNgPractice.TestNG2" name="Test1" time="0.002"/>
  <testcase classname="TestNgPractice.TestNgPractice.TestNG2" name="Test2" time="0.001"/>
</testsuite> <!-- TestNgPractice.TestNgPractice.TestNG2 -->
