<?xml version="1.0" encoding="UTF-8"?>
<!-- Generated by org.testng.reporters.JUnitReportReporter -->
<testsuite hostname="DESKTOP-V827NF1" failures="0" tests="2" name="TestNgPractice.TestNgPractice.TestNG" time="0.006" errors="0" timestamp="29 Apr 2019 00:53:47 GMT" skipped="0">
  <testcase classname="TestNgPractice.TestNgPractice.TestNG" name="Test2" time="0.003"/>
  <testcase classname="TestNgPractice.TestNgPractice.TestNG" name="Test1" time="0.003"/>
</testsuite> <!-- TestNgPractice.TestNgPractice.TestNG -->
